2018-06-04 10:02:25,113 [Worker-2] INFO  c.g.t.t.d.PublishedGradleVersions - Gradle version information cache is up-to-date. Trying to read.
2018-06-05 09:59:51,981 [Worker-4] INFO  c.g.t.t.d.PublishedGradleVersions - Gradle version information cache is out-of-date. Trying to update.
2018-06-06 09:23:51,732 [Worker-1] INFO  c.g.t.t.d.PublishedGradleVersions - Gradle version information cache is up-to-date. Trying to read.
2018-06-07 09:11:06,487 [Worker-2] INFO  c.g.t.t.d.PublishedGradleVersions - Gradle version information cache is out-of-date. Trying to update.
2018-06-09 18:53:48,879 [Worker-3] INFO  c.g.t.t.d.PublishedGradleVersions - Gradle version information cache is out-of-date. Trying to update.
2018-06-10 12:52:44,565 [Worker-4] INFO  c.g.t.t.d.PublishedGradleVersions - Gradle version information cache is up-to-date. Trying to read.
2018-06-11 09:08:12,039 [Worker-7] INFO  c.g.t.t.d.PublishedGradleVersions - Gradle version information cache is out-of-date. Trying to update.
2018-06-11 09:11:07,871 [Worker-3] INFO  c.g.t.t.d.PublishedGradleVersions - Gradle version information cache is up-to-date. Trying to read.
2018-06-12 08:24:11,452 [Worker-6] INFO  c.g.t.t.d.PublishedGradleVersions - Gradle version information cache is up-to-date. Trying to read.
2018-06-12 12:39:48,558 [Start Help Server] INFO  org.eclipse.jetty.util.log - Logging initialized @15365104ms to org.eclipse.jetty.util.log.Slf4jLog
2018-06-12 12:39:48,815 [Start Help Server] INFO  org.eclipse.jetty.server.Server - jetty-9.4.8.v20171121, build timestamp: 2017-11-21T13:27:37-08:00, git hash: 82b8fb23f757335bb3329d540ce37a2a2615f0a8
2018-06-12 12:39:48,848 [Start Help Server] INFO  org.eclipse.jetty.server.session - DefaultSessionIdManager workerName=node0
2018-06-12 12:39:48,848 [Start Help Server] INFO  org.eclipse.jetty.server.session - No SessionScavenger set, using defaults
2018-06-12 12:39:48,849 [Start Help Server] INFO  org.eclipse.jetty.server.session - Scavenging every 600000ms
2018-06-12 12:39:48,883 [Start Help Server] INFO  o.e.j.server.handler.ContextHandler - Started o.e.j.s.ServletContextHandler@3fcb98c2{/help,null,AVAILABLE}
2018-06-12 12:39:48,923 [Start Help Server] INFO  o.e.jetty.server.AbstractConnector - Started ServerConnector@6c4c779d{HTTP/1.1,[http/1.1]}{127.0.0.1:59412}
2018-06-12 12:39:48,924 [Start Help Server] INFO  org.eclipse.jetty.server.Server - Started @15365471ms
2018-06-12 17:05:02,752 [Stop Help Server] INFO  o.e.jetty.server.AbstractConnector - Stopped ServerConnector@6c4c779d{HTTP/1.1,[http/1.1]}{127.0.0.1:0}
2018-06-12 17:05:02,762 [Stop Help Server] INFO  org.eclipse.jetty.server.session - Stopped scavenging
2018-06-12 17:05:02,774 [Stop Help Server] INFO  o.e.j.server.handler.ContextHandler - Stopped o.e.j.s.ServletContextHandler@3fcb98c2{/help,null,UNAVAILABLE}
2018-06-13 09:09:21,045 [Worker-3] INFO  c.g.t.t.d.PublishedGradleVersions - Gradle version information cache is out-of-date. Trying to update.
2018-06-13 09:09:31,621 [Worker-3] INFO  c.g.t.t.d.PublishedGradleVersions - Updating Gradle version information cache failed. Using outdated cache.
2018-06-13 09:17:21,278 [Worker-7] INFO  c.g.t.t.d.PublishedGradleVersions - Gradle version information cache is out-of-date. Trying to update.
2018-06-14 01:46:58,442 [Worker-4] INFO  c.g.t.t.d.PublishedGradleVersions - Gradle version information cache is up-to-date. Trying to read.
2018-06-14 09:15:11,561 [Worker-1] INFO  c.g.t.t.d.PublishedGradleVersions - Gradle version information cache is up-to-date. Trying to read.
